<?xml version="1.0" encoding="UTF-8"?>
<!-- Generated by org.testng.reporters.JUnitReportReporter -->
<testsuite hostname="RaviGone" failures="0" tests="1" name="Day_019_Export_WebTable_Elements.Test2_Locations" time="19.549" errors="1" timestamp="30 Aug 2021 09:35:19 GMT" skipped="0">
  <testcase classname="Day_019_Export_WebTable_Elements.Test2_Locations" name="Locations_List" time="19.549">
    <error message="Unresolved compilation problems: 
	The type List is not generic; it cannot be parameterized with arguments &lt;WebElement&gt;
	The type List is not generic; it cannot be parameterized with arguments &lt;WebElement&gt;
" type="java.lang.Error">
      <![CDATA[java.lang.Error: Unresolved compilation problems: 
The type List is not generic; it cannot be parameterized with arguments <WebElement>
The type List is not generic; it cannot be parameterized with arguments <WebElement>

at Day_019_Export_WebTable_Elements.Test2_Locations.Locations(Test2_Locations.java:74)
at Day_019_Export_WebTable_Elements.Test2_Locations.Locations_List(Test2_Locations.java:37)
at java.base/jdk.internal.reflect.NativeMethodAccessorImpl.invoke0(Native Method)
at java.base/jdk.internal.reflect.NativeMethodAccessorImpl.invoke(NativeMethodAccessorImpl.java:62)
at java.base/jdk.internal.reflect.DelegatingMethodAccessorImpl.invoke(DelegatingMethodAccessorImpl.java:43)
at java.base/java.lang.reflect.Method.invoke(Method.java:567)
at org.testng.internal.MethodInvocationHelper.invokeMethod(MethodInvocationHelper.java:124)
at org.testng.internal.Invoker.invokeMethod(Invoker.java:580)
at org.testng.internal.Invoker.invokeTestMethod(Invoker.java:716)
at org.testng.internal.Invoker.invokeTestMethods(Invoker.java:988)
at org.testng.internal.TestMethodWorker.invokeTestMethods(TestMethodWorker.java:125)
at org.testng.internal.TestMethodWorker.run(TestMethodWorker.java:109)
at org.testng.TestRunner.privateRun(TestRunner.java:648)
at org.testng.TestRunner.run(TestRunner.java:505)
at org.testng.SuiteRunner.runTest(SuiteRunner.java:455)
at org.testng.SuiteRunner.runSequentially(SuiteRunner.java:450)
at org.testng.SuiteRunner.privateRun(SuiteRunner.java:415)
at org.testng.SuiteRunner.run(SuiteRunner.java:364)
at org.testng.SuiteRunnerWorker.runSuite(SuiteRunnerWorker.java:52)
at org.testng.SuiteRunnerWorker.run(SuiteRunnerWorker.java:84)
at org.testng.TestNG.runSuitesSequentially(TestNG.java:1208)
at org.testng.TestNG.runSuitesLocally(TestNG.java:1137)
at org.testng.TestNG.runSuites(TestNG.java:1049)
at org.testng.TestNG.run(TestNG.java:1017)
at org.testng.remote.AbstractRemoteTestNG.run(AbstractRemoteTestNG.java:115)
at org.testng.remote.RemoteTestNG.initAndRun(RemoteTestNG.java:251)
at org.testng.remote.RemoteTestNG.main(RemoteTestNG.java:77)
]]>
    </error>
  </testcase> <!-- Locations_List -->
</testsuite> <!-- Day_019_Export_WebTable_Elements.Test2_Locations -->
