<?xml version="1.0" encoding="UTF-8"?>
<!-- Generated by org.testng.reporters.JUnitReportReporter -->
<testsuite hostname="RaviGone" failures="0" tests="1" name="Day_017_Advanced_Xpaths.T07_Fallowing_Xpath2" time="21.788" errors="0" timestamp="25 Aug 2021 11:06:46 GMT" skipped="0">
  <testcase classname="Day_017_Advanced_Xpaths.T07_Fallowing_Xpath2" name="Xpath2" time="21.788"/>
</testsuite> <!-- Day_017_Advanced_Xpaths.T07_Fallowing_Xpath2 -->
