<?xml version="1.0" encoding="UTF-8"?>
<!-- Generated by org.testng.reporters.JUnitReportReporter -->
<testsuite hostname="RaviGone" failures="0" tests="1" name="Day_016_FileUpload.Existing_ID_Fileupload2" time="0.035" errors="0" timestamp="24 Aug 2021 11:09:01 GMT" skipped="0">
  <testcase classname="Day_016_FileUpload.Existing_ID_Fileupload2" name="Pic_Upload" time="0.035"/>
</testsuite> <!-- Day_016_FileUpload.Existing_ID_Fileupload2 -->
