<?xml version="1.0" encoding="UTF-8"?>
<!-- Generated by org.testng.reporters.JUnitReportReporter -->
<testsuite hostname="RaviGone" failures="0" tests="1" name="Day_009_Custimize_EmailableReport_Lab1.Test1_Nationality" time="47.149" errors="0" timestamp="29 Aug 2021 09:52:03 GMT" skipped="0">
  <testcase classname="Day_009_Custimize_EmailableReport_Lab1.Test1_Nationality" name="Custamize_Report" time="47.149"/>
</testsuite> <!-- Day_009_Custimize_EmailableReport_Lab1.Test1_Nationality -->
