<?xml version="1.0" encoding="UTF-8"?>
<!-- Generated by org.testng.reporters.JUnitReportReporter -->
<testsuite hostname="RaviGone" failures="0" tests="1" name="Day_009_Custimize_EmailableReport_Lab1.TC01_Test" time="65.645" errors="0" timestamp="29 Aug 2021 09:50:12 GMT" skipped="0">
  <testcase classname="Day_009_Custimize_EmailableReport_Lab1.TC01_Test" name="TC01_Report_Test" time="65.645"/>
</testsuite> <!-- Day_009_Custimize_EmailableReport_Lab1.TC01_Test -->
